<?xml version="1.0" encoding="UTF-8"?>
<!-- Generated by org.testng.reporters.JUnitReportReporter -->
<testsuite hostname="DESKTOP-HTOPON3" failures="0" tests="1" name="com.practice.ddtproperty.readdatafromtestngxml" time="250.699" errors="0" timestamp="2024-12-07T13:42:34 IST" skipped="0">
  <testcase classname="com.practice.ddtproperty.readdatafromtestngxml" name="textngxmldata" time="250.699"/>
  <system-out/>
</testsuite> <!-- com.practice.ddtproperty.readdatafromtestngxml -->
